mode: set
gateway/internal/auth/auth.go:151.63,153.16 2 0
gateway/internal/auth/auth.go:153.16,155.3 1 0
gateway/internal/auth/auth.go:157.2,175.26 3 0
gateway/internal/auth/auth.go:175.26,177.3 1 0
gateway/internal/auth/auth.go:180.2,182.20 2 0
gateway/internal/auth/auth.go:188.71,191.2 2 0
gateway/internal/auth/auth.go:193.67,195.20 2 0
gateway/internal/auth/auth.go:195.20,197.3 1 0
gateway/internal/auth/auth.go:198.2,199.16 2 0
gateway/internal/auth/auth.go:199.16,201.3 1 0
gateway/internal/auth/auth.go:202.2,202.51 1 0
gateway/internal/auth/auth.go:202.51,204.3 1 0
gateway/internal/auth/auth.go:205.2,205.83 1 0
gateway/internal/auth/auth.go:205.83,207.3 1 0
gateway/internal/auth/auth.go:209.2,214.18 3 0
gateway/internal/auth/auth.go:214.18,216.3 1 0
gateway/internal/auth/auth.go:217.2,217.18 1 0
gateway/internal/auth/auth.go:217.18,219.17 2 0
gateway/internal/auth/auth.go:219.17,221.4 1 0
gateway/internal/auth/auth.go:222.3,223.45 2 0
gateway/internal/auth/auth.go:223.45,225.4 1 0
gateway/internal/auth/auth.go:226.3,227.61 2 0
gateway/internal/auth/auth.go:228.8,230.3 1 0
gateway/internal/auth/auth.go:232.2,233.16 2 0
gateway/internal/auth/auth.go:233.16,235.3 1 0
gateway/internal/auth/auth.go:236.2,238.23 2 0
gateway/internal/auth/auth.go:242.83,245.16 3 0
gateway/internal/auth/auth.go:245.16,247.3 1 0
gateway/internal/auth/auth.go:249.2,250.54 2 0
gateway/internal/auth/auth.go:250.54,252.3 1 0
gateway/internal/auth/auth.go:254.2,254.56 1 0
gateway/internal/auth/auth.go:254.56,256.44 2 0
gateway/internal/auth/auth.go:256.44,258.4 1 0
gateway/internal/auth/auth.go:259.3,259.39 1 0
gateway/internal/auth/auth.go:262.2,262.20 1 0
gateway/internal/auth/auth.go:266.206,282.16 3 0
gateway/internal/auth/auth.go:282.16,284.3 1 0
gateway/internal/auth/auth.go:286.2,287.56 2 0
gateway/internal/auth/auth.go:287.56,289.3 1 0
gateway/internal/auth/auth.go:292.2,292.62 1 0
gateway/internal/auth/auth.go:292.62,294.3 1 0
gateway/internal/auth/auth.go:296.2,296.23 1 0
gateway/internal/auth/auth.go:300.76,302.16 2 0
gateway/internal/auth/auth.go:302.16,304.3 1 0
gateway/internal/auth/auth.go:305.2,306.12 2 0
gateway/internal/auth/auth.go:311.81,317.47 4 0
gateway/internal/auth/auth.go:317.47,319.3 1 0
gateway/internal/auth/auth.go:322.2,325.16 2 0
gateway/internal/auth/auth.go:325.16,328.45 1 0
gateway/internal/auth/auth.go:328.45,330.33 2 0
gateway/internal/auth/auth.go:330.33,333.5 2 0
gateway/internal/auth/auth.go:334.4,335.74 2 0
gateway/internal/auth/auth.go:337.3,337.54 1 0
gateway/internal/auth/auth.go:340.2,341.54 2 0
gateway/internal/auth/auth.go:341.54,343.3 1 0
gateway/internal/auth/auth.go:345.2,345.56 1 0
gateway/internal/auth/auth.go:345.56,347.3 1 0
gateway/internal/auth/auth.go:349.2,349.20 1 0
gateway/internal/auth/auth.go:353.83,354.50 1 0
gateway/internal/auth/auth.go:354.50,356.3 1 0
gateway/internal/auth/auth.go:360.85,362.16 2 0
gateway/internal/auth/auth.go:362.16,364.3 1 0
gateway/internal/auth/auth.go:366.2,367.16 2 0
gateway/internal/auth/auth.go:367.16,369.3 1 0
gateway/internal/auth/auth.go:371.2,374.16 3 0
gateway/internal/auth/auth.go:374.16,376.3 1 0
gateway/internal/auth/auth.go:377.2,380.16 3 0
gateway/internal/auth/auth.go:380.16,382.3 1 0
gateway/internal/auth/auth.go:384.2,384.28 1 0
gateway/internal/auth/auth.go:384.28,386.3 1 0
gateway/internal/auth/auth.go:388.2,388.22 1 0
gateway/internal/auth/auth.go:392.61,393.50 1 0
gateway/internal/auth/auth.go:393.50,395.3 1 0
gateway/internal/auth/auth.go:399.63,401.16 2 0
gateway/internal/auth/auth.go:401.16,403.3 1 0
gateway/internal/auth/auth.go:405.2,406.16 2 0
gateway/internal/auth/auth.go:406.16,408.3 1 0
gateway/internal/auth/auth.go:409.2,412.16 3 0
gateway/internal/auth/auth.go:412.16,414.3 1 0
gateway/internal/auth/auth.go:416.2,416.28 1 0
gateway/internal/auth/auth.go:416.28,418.3 1 0
gateway/internal/auth/auth.go:420.2,420.22 1 0
gateway/internal/auth/auth.go:425.51,427.16 2 0
gateway/internal/auth/auth.go:427.16,429.3 1 0
gateway/internal/auth/auth.go:430.2,430.18 1 0
gateway/internal/auth/auth.go:434.61,436.16 2 0
gateway/internal/auth/auth.go:436.16,438.3 1 0
gateway/internal/auth/auth.go:440.2,443.54 2 0
gateway/internal/auth/auth.go:443.54,445.3 1 0
gateway/internal/auth/auth.go:447.2,447.35 1 0
gateway/internal/auth/auth.go:452.79,453.26 1 0
gateway/internal/auth/auth.go:453.26,455.17 2 0
gateway/internal/auth/auth.go:455.17,457.4 1 0
gateway/internal/auth/auth.go:459.3,460.25 2 0
gateway/internal/auth/auth.go:460.25,462.4 1 0
gateway/internal/auth/auth.go:464.3,464.111 1 0
gateway/internal/auth/auth.go:467.2,468.30 2 0
gateway/internal/auth/auth.go:472.66,473.20 1 0
gateway/internal/auth/auth.go:473.20,475.3 1 0
gateway/internal/auth/auth.go:477.2,485.37 3 0
gateway/internal/auth/auth.go:485.37,487.17 2 0
gateway/internal/auth/auth.go:487.17,489.12 2 0
gateway/internal/auth/auth.go:492.3,493.17 2 0
gateway/internal/auth/auth.go:493.17,495.12 2 0
gateway/internal/auth/auth.go:498.3,498.37 1 0
gateway/internal/auth/auth.go:501.2,501.20 1 0
gateway/internal/auth/auth.go:501.20,503.3 1 0
gateway/internal/auth/auth.go:505.2,505.80 1 0
gateway/internal/auth/auth.go:508.70,510.16 2 0
gateway/internal/auth/auth.go:510.16,512.3 1 0
gateway/internal/auth/auth.go:514.2,514.22 1 0
gateway/internal/auth/auth.go:514.22,516.3 1 0
gateway/internal/auth/auth.go:518.2,519.16 2 0
gateway/internal/auth/auth.go:519.16,521.3 1 0
gateway/internal/auth/auth.go:522.2,525.16 3 0
gateway/internal/auth/auth.go:525.16,527.3 1 0
gateway/internal/auth/auth.go:529.2,529.28 1 0
gateway/internal/auth/auth.go:529.28,531.3 1 0
gateway/internal/auth/auth.go:533.2,533.22 1 0
gateway/internal/auth/auth.go:536.66,538.16 2 1
gateway/internal/auth/auth.go:538.16,540.3 1 0
gateway/internal/auth/auth.go:542.2,543.16 2 1
gateway/internal/auth/auth.go:543.16,545.3 1 0
gateway/internal/auth/auth.go:547.2,548.54 2 1
gateway/internal/auth/auth.go:548.54,549.32 1 1
gateway/internal/auth/auth.go:549.32,551.4 1 1
gateway/internal/auth/auth.go:553.2,553.50 1 1
gateway/internal/auth/auth.go:553.50,554.34 1 1
gateway/internal/auth/auth.go:554.34,556.4 1 1
gateway/internal/auth/auth.go:559.2,559.36 1 1
gateway/internal/auth/auth.go:562.53,564.23 2 1
gateway/internal/auth/auth.go:564.23,566.3 1 0
gateway/internal/auth/auth.go:568.2,568.90 1 1
gateway/internal/auth/auth.go:568.90,570.3 1 1
gateway/internal/auth/auth.go:572.2,579.58 2 1
gateway/internal/auth/auth.go:579.58,580.30 1 0
gateway/internal/auth/auth.go:580.30,582.4 1 0
gateway/internal/auth/auth.go:583.3,583.82 1 0
gateway/internal/auth/auth.go:583.82,585.23 2 0
gateway/internal/auth/auth.go:585.23,586.13 1 0
gateway/internal/auth/auth.go:588.4,588.102 1 0
gateway/internal/auth/auth.go:588.102,590.5 1 0
gateway/internal/auth/auth.go:591.4,591.49 1 0
gateway/internal/auth/auth.go:591.49,593.5 1 0
gateway/internal/auth/auth.go:597.2,597.53 1 1
gateway/internal/auth/auth.go:597.53,599.3 1 0
gateway/internal/auth/auth.go:601.2,601.61 1 1
gateway/internal/auth/auth.go:601.61,603.3 1 1
gateway/internal/auth/auth.go:605.2,605.59 1 1
gateway/internal/auth/auth.go:608.51,610.16 2 1
gateway/internal/auth/auth.go:610.16,611.72 1 0
gateway/internal/auth/auth.go:611.72,613.4 1 0
gateway/internal/auth/auth.go:616.2,617.16 2 1
gateway/internal/auth/auth.go:617.16,618.72 1 0
gateway/internal/auth/auth.go:618.72,620.4 1 0
gateway/internal/auth/auth.go:623.2,623.19 1 1
gateway/internal/auth/auth.go:626.46,627.22 1 1
gateway/internal/auth/auth.go:627.22,629.3 1 0
gateway/internal/auth/auth.go:631.2,633.31 3 1
gateway/internal/auth/auth.go:633.31,635.20 2 1
gateway/internal/auth/auth.go:635.20,636.12 1 0
gateway/internal/auth/auth.go:639.3,639.41 1 1
gateway/internal/auth/auth.go:639.41,640.12 1 1
gateway/internal/auth/auth.go:642.3,643.35 2 1
gateway/internal/auth/auth.go:646.2,646.15 1 1
gateway/internal/auth/auth.go:651.63,653.16 2 0
gateway/internal/auth/auth.go:653.16,655.3 1 0
gateway/internal/auth/auth.go:657.2,660.54 2 0
gateway/internal/auth/auth.go:660.54,662.3 1 0
gateway/internal/auth/auth.go:664.2,664.30 1 0
gateway/internal/auth/auth.go:677.78,681.16 2 0
gateway/internal/auth/auth.go:681.16,683.3 1 0
gateway/internal/auth/auth.go:685.2,686.54 2 0
gateway/internal/auth/auth.go:686.54,688.3 1 0
gateway/internal/auth/auth.go:689.2,689.32 1 0
gateway/internal/auth/auth.go:689.32,691.3 1 0
gateway/internal/auth/auth.go:692.2,692.21 1 0
gateway/internal/auth/auth.go:697.69,699.16 2 0
gateway/internal/auth/auth.go:699.16,701.3 1 0
gateway/internal/auth/auth.go:702.2,703.9 2 0
gateway/internal/auth/auth.go:703.9,705.3 1 0
gateway/internal/auth/auth.go:706.2,710.12 4 0
gateway/internal/auth/auth.go:716.99,722.35 5 0
gateway/internal/auth/auth.go:722.35,724.3 1 0
gateway/internal/auth/auth.go:726.2,732.3 1 0
gateway/internal/auth/auth.go:736.47,742.39 5 0
gateway/internal/auth/auth.go:742.39,743.34 1 0
gateway/internal/auth/auth.go:743.34,746.4 2 0
gateway/internal/auth/auth.go:748.2,748.16 1 0
gateway/internal/auth/auth.go:752.43,755.6 3 0
gateway/internal/auth/auth.go:755.6,756.10 1 0
gateway/internal/auth/auth.go:757.19,758.41 1 0
gateway/internal/auth/auth.go:758.41,760.5 1 0
gateway/internal/auth/auth.go:761.19,762.10 1 0
gateway/internal/auth/auth.go:768.31,770.2 1 0
gateway/internal/auth/auth.go:774.43,777.33 3 0
gateway/internal/auth/auth.go:777.33,779.3 1 0
gateway/internal/auth/auth.go:780.2,780.44 1 0
gateway/internal/auth/auth.go:803.146,814.16 3 0
gateway/internal/auth/auth.go:814.16,816.3 1 0
gateway/internal/auth/auth.go:818.2,819.16 2 0
gateway/internal/auth/auth.go:819.16,821.3 1 0
gateway/internal/auth/auth.go:822.2,827.16 4 0
gateway/internal/auth/auth.go:827.16,829.3 1 0
gateway/internal/auth/auth.go:830.2,833.16 3 0
gateway/internal/auth/auth.go:833.16,835.3 1 0
gateway/internal/auth/auth.go:837.2,837.28 1 0
gateway/internal/auth/auth.go:837.28,839.3 1 0
gateway/internal/auth/auth.go:841.2,842.61 2 0
gateway/internal/auth/auth.go:842.61,844.3 1 0
gateway/internal/auth/auth.go:846.2,846.33 1 0
gateway/internal/auth/auth.go:846.33,848.3 1 0
gateway/internal/auth/auth.go:850.2,851.24 2 0
gateway/internal/auth/auth.go:856.125,865.16 3 0
gateway/internal/auth/auth.go:865.16,867.3 1 0
gateway/internal/auth/auth.go:869.2,870.16 2 0
gateway/internal/auth/auth.go:870.16,872.3 1 0
gateway/internal/auth/auth.go:873.2,876.16 3 0
gateway/internal/auth/auth.go:876.16,878.3 1 0
gateway/internal/auth/auth.go:879.2,882.16 3 0
gateway/internal/auth/auth.go:882.16,884.3 1 0
gateway/internal/auth/auth.go:886.2,886.28 1 0
gateway/internal/auth/auth.go:886.28,888.3 1 0
gateway/internal/auth/auth.go:890.2,891.61 2 0
gateway/internal/auth/auth.go:891.61,893.3 1 0
gateway/internal/auth/auth.go:895.2,895.33 1 0
gateway/internal/auth/auth.go:895.33,897.3 1 0
gateway/internal/auth/auth.go:899.2,900.24 2 0
gateway/internal/auth/breaker.go:19.39,20.11 1 0
gateway/internal/auth/breaker.go:21.21,22.18 1 0
gateway/internal/auth/breaker.go:23.19,24.16 1 0
gateway/internal/auth/breaker.go:25.23,26.21 1 0
gateway/internal/auth/breaker.go:27.10,28.19 1 0
gateway/internal/auth/breaker.go:55.42,62.2 1 0
gateway/internal/auth/breaker.go:67.78,70.18 2 0
gateway/internal/auth/breaker.go:71.19,73.46 1 0
gateway/internal/auth/breaker.go:73.46,79.4 4 0
gateway/internal/auth/breaker.go:79.9,82.4 2 0
gateway/internal/auth/breaker.go:84.23,86.17 1 0
gateway/internal/auth/breaker.go:88.21,89.17 1 0
gateway/internal/auth/breaker.go:93.2,98.16 4 0
gateway/internal/auth/breaker.go:98.16,103.34 4 0
gateway/internal/auth/breaker.go:103.34,108.4 3 0
gateway/internal/auth/breaker.go:108.9,108.43 1 0
gateway/internal/auth/breaker.go:108.43,113.4 3 0
gateway/internal/auth/breaker.go:114.3,114.18 1 0
gateway/internal/auth/breaker.go:118.2,120.31 3 0
gateway/internal/auth/breaker.go:120.31,122.3 1 0
gateway/internal/auth/breaker.go:123.2,125.20 3 0
gateway/internal/auth/breaker.go:129.48,133.2 3 0
gateway/internal/auth/breaker.go:136.72,140.2 3 0
